2025-02-19 16:25:53,902 - INFO - Found 7 PDF files to process
2025-02-19 16:25:53,902 - INFO - 
Processing: 1_January 2021 e-Statement .pdf
2025-02-19 16:25:54,019 - WARNING - Could not extract complete date. Month: None, Year: None
2025-02-19 16:25:54,019 - ERROR - Could not extract year from e-statements\1_January 2021 e-Statement .pdf
2025-02-19 16:25:54,020 - INFO - 
Processing: 2_February 2021 e-Statement .pdf
2025-02-19 16:25:54,314 - WARNING - Could not extract complete date. Month: None, Year: None
2025-02-19 16:25:54,314 - ERROR - Could not extract year from e-statements\2_February 2021 e-Statement .pdf
2025-02-19 16:25:54,316 - INFO - 
Processing: 3_March 2021 e-Statement .pdf
2025-02-19 16:25:54,625 - WARNING - Could not extract complete date. Month: None, Year: None
2025-02-19 16:25:54,625 - ERROR - Could not extract year from e-statements\3_March 2021 e-Statement .pdf
2025-02-19 16:25:54,626 - INFO - 
Processing: 4_April 2021 e-Statement.pdf
2025-02-19 16:25:54,881 - WARNING - Could not extract complete date. Month: None, Year: None
2025-02-19 16:25:54,881 - ERROR - Could not extract year from e-statements\4_April 2021 e-Statement.pdf
2025-02-19 16:25:54,882 - INFO - 
Processing: 5_May 2021 e-Statement .pdf
2025-02-19 16:25:55,092 - WARNING - Could not extract complete date. Month: None, Year: None
2025-02-19 16:25:55,093 - ERROR - Could not extract year from e-statements\5_May 2021 e-Statement .pdf
2025-02-19 16:25:55,093 - INFO - 
Processing: 6_June 2021 e-Statement .pdf
2025-02-19 16:25:55,520 - WARNING - Could not extract complete date. Month: None, Year: None
2025-02-19 16:25:55,521 - ERROR - Could not extract year from e-statements\6_June 2021 e-Statement .pdf
2025-02-19 16:25:55,521 - INFO - 
Processing: 7_July 2021 e-Statement .pdf
2025-02-19 16:25:55,925 - WARNING - Could not extract complete date. Month: None, Year: None
2025-02-19 16:25:55,925 - ERROR - Could not extract year from e-statements\7_July 2021 e-Statement .pdf
2025-02-19 16:27:15,032 - INFO - Found 7 PDF files to process
2025-02-19 16:27:15,032 - INFO - 
Processing: 1_January 2021 e-Statement .pdf
2025-02-19 16:27:15,183 - WARNING - Could not extract complete date. Month: None, Year: None
2025-02-19 16:27:15,183 - ERROR - Could not extract year from e-statements\1_January 2021 e-Statement .pdf
2025-02-19 16:27:15,184 - INFO - 
Processing: 2_February 2021 e-Statement .pdf
2025-02-19 16:27:15,715 - WARNING - Could not extract complete date. Month: None, Year: None
2025-02-19 16:27:15,716 - ERROR - Could not extract year from e-statements\2_February 2021 e-Statement .pdf
2025-02-19 16:27:15,716 - INFO - 
Processing: 3_March 2021 e-Statement .pdf
2025-02-19 16:27:16,207 - WARNING - Could not extract complete date. Month: None, Year: None
2025-02-19 16:27:16,207 - ERROR - Could not extract year from e-statements\3_March 2021 e-Statement .pdf
2025-02-19 16:27:16,208 - INFO - 
Processing: 4_April 2021 e-Statement.pdf
2025-02-19 16:27:16,620 - WARNING - Could not extract complete date. Month: None, Year: None
2025-02-19 16:27:16,621 - ERROR - Could not extract year from e-statements\4_April 2021 e-Statement.pdf
2025-02-19 16:27:16,621 - INFO - 
Processing: 5_May 2021 e-Statement .pdf
2025-02-19 16:27:16,952 - WARNING - Could not extract complete date. Month: None, Year: None
2025-02-19 16:27:16,953 - ERROR - Could not extract year from e-statements\5_May 2021 e-Statement .pdf
2025-02-19 16:27:16,953 - INFO - 
Processing: 6_June 2021 e-Statement .pdf
2025-02-19 16:27:17,724 - WARNING - Could not extract complete date. Month: None, Year: None
2025-02-19 16:27:17,725 - ERROR - Could not extract year from e-statements\6_June 2021 e-Statement .pdf
2025-02-19 16:27:17,725 - INFO - 
Processing: 7_July 2021 e-Statement .pdf
2025-02-19 16:27:18,469 - WARNING - Could not extract complete date. Month: None, Year: None
2025-02-19 16:27:18,470 - ERROR - Could not extract year from e-statements\7_July 2021 e-Statement .pdf
